<?xml version="1.0" encoding="UTF-8"?>
<TestRun id="0d2b0717-56c3-410e-a38a-026cd63d6e3b" name="Toan@JUBEI-LAPTOP 2012-10-16 03:14:29" runUser="JUBEI-LAPTOP\Toan" xmlns="http://microsoft.com/schemas/VisualStudio/TeamTest/2010">
  <TestSettings name="Local" id="826d4f6d-c0cb-4be1-9ed2-672b0d21f805">
    <Description>These are default test settings for a local test run.</Description>
    <Deployment enabled="false" runDeploymentRoot="Toan_JUBEI-LAPTOP 2012-10-16 03_14_29" />
    <Execution>
      <TestTypeSpecific />
      <AgentRule name="Execution Agents">
      </AgentRule>
    </Execution>
  </TestSettings>
  <Times creation="2012-10-16T03:14:29.6922315+07:00" queuing="2012-10-16T03:14:30.0882822+07:00" start="2012-10-16T03:14:30.3853201+07:00" finish="2012-10-16T03:14:33.4807127+07:00" />
  <ResultSummary outcome="Warning">
    <Counters total="1" executed="1" passed="1" error="0" failed="0" timeout="0" aborted="0" inconclusive="0" passedButRunAborted="0" notRunnable="0" notExecuted="0" disconnected="0" warning="0" completed="0" inProgress="0" pending="0" />
    <RunInfos>
      <RunInfo computerName="JUBEI-LAPTOP" outcome="Warning" timestamp="2012-10-16T03:14:29.8862566+07:00">
        <Text>Deployment is currently disabled. The deployment item 'HutStaff.BO.dll' on test 'TestProject.SoYeuTest.GetUserNameTest' was not deployed.</Text>
      </RunInfo>
    </RunInfos>
  </ResultSummary>
  <TestDefinitions>
    <UnitTest name="GetUserNameTest" storage="c:\users\toàn\appdata\local\temp\g2oxyl1n.41i\testproject.dll" id="c6785107-20ee-e774-015d-99a55745bcbd">
      <Execution timeOut="1800000" id="16eeb869-6227-49a0-89d2-24b3c3cef172" />
      <DeploymentItems>
        <DeploymentItem filename="HutStaff.BO.dll" />
      </DeploymentItems>
      <TestMethod codeBase="C:/Users/Toàn/AppData/Local/Temp/g2oxyl1n.41i/TestProject.DLL" adapterTypeName="Microsoft.VisualStudio.TestTools.TestTypes.Unit.UnitTestAdapter, Microsoft.VisualStudio.QualityTools.Tips.UnitTest.Adapter, Version=10.0.0.0, Culture=neutral, PublicKeyToken=b03f5f7f11d50a3a" className="TestProject.SoYeuTest, TestProject, Version=1.0.0.0, Culture=neutral, PublicKeyToken=null" name="GetUserNameTest" />
    </UnitTest>
  </TestDefinitions>
  <TestLists>
    <TestList name="Results Not in a List" id="8c84fa94-04c1-424b-9868-57a2d4851a1d" />
    <TestList name="All Loaded Results" id="19431567-8539-422a-85d7-44ee4e166bda" />
  </TestLists>
  <TestEntries>
    <TestEntry testId="c6785107-20ee-e774-015d-99a55745bcbd" executionId="16eeb869-6227-49a0-89d2-24b3c3cef172" testListId="8c84fa94-04c1-424b-9868-57a2d4851a1d" />
  </TestEntries>
  <Results>
    <UnitTestResult executionId="16eeb869-6227-49a0-89d2-24b3c3cef172" testId="c6785107-20ee-e774-015d-99a55745bcbd" testName="GetUserNameTest" computerName="JUBEI-LAPTOP" duration="00:00:00.0232717" startTime="2012-10-16T03:14:31.8085004+07:00" endTime="2012-10-16T03:14:31.9265149+07:00" testType="13cdc9d9-ddb5-4fa4-a97d-d965ccfc6d4b" outcome="Passed" testListId="8c84fa94-04c1-424b-9868-57a2d4851a1d" relativeResultsDirectory="16eeb869-6227-49a0-89d2-24b3c3cef172">
    </UnitTestResult>
  </Results>
</TestRun>